<?xml version="1.0" encoding="UTF-8"?>
<!-- Generated by org.testng.reporters.JUnitReportReporter -->
<testsuite hostname="DESKTOP-B2QSJ40" failures="0" tests="1" name="com.in28minutes.webdriver.scenarios.RunJavaScriptTest" time="9.884" errors="0" timestamp="09 Mar 2022 12:57:20 GMT" skipped="0">
  <testcase classname="com.in28minutes.webdriver.scenarios.RunJavaScriptTest" name="testJS" time="9.884"/>
</testsuite> <!-- com.in28minutes.webdriver.scenarios.RunJavaScriptTest -->
