<?xml version="1.0" encoding="UTF-8"?>
<!-- Generated by org.testng.reporters.JUnitReportReporter -->
<testsuite hostname="DESKTOP-B2QSJ40" failures="0" tests="1" name="com.in28minutes.webdriver.scenarios.ReadTableTest" time="1.826" errors="0" timestamp="12 Mar 2022 16:25:35 GMT" skipped="0">
  <testcase classname="com.in28minutes.webdriver.scenarios.ReadTableTest" name="testJS" time="1.826"/>
</testsuite> <!-- com.in28minutes.webdriver.scenarios.ReadTableTest -->
