<?xml version="1.0" encoding="UTF-8"?>
<!-- Generated by org.testng.reporters.JUnitReportReporter -->
<testsuite hostname="DESKTOP-B2QSJ40" failures="0" tests="2" name="com.in28minutes.webdriver.scenarios.CheckElementsStylesTest" time="2.142" errors="0" timestamp="16 Feb 2023 14:03:42 GMT" skipped="0">
  <testcase classname="com.in28minutes.webdriver.scenarios.CheckElementsStylesTest" name="checkIfElementIsEnabled" time="1.443"/>
  <testcase classname="com.in28minutes.webdriver.scenarios.CheckElementsStylesTest" name="exploreWebElementInterface" time="0.699"/>
</testsuite> <!-- com.in28minutes.webdriver.scenarios.CheckElementsStylesTest -->
