<?xml version="1.0" encoding="UTF-8"?>
<!-- Generated by org.testng.reporters.JUnitReportReporter -->
<testsuite hostname="DESKTOP-B2QSJ40" failures="0" tests="2" name="com.in28minutes.webdriver.scenarios.PlayingWithScreenWindowTest" time="37.394" errors="0" timestamp="07 Mar 2022 10:03:14 GMT" skipped="0">
  <testcase classname="com.in28minutes.webdriver.scenarios.PlayingWithScreenWindowTest" name="playingWithWindows" time="11.361"/>
  <testcase classname="com.in28minutes.webdriver.scenarios.PlayingWithScreenWindowTest" name="backForwardAndNavigation" time="26.033"/>
</testsuite> <!-- com.in28minutes.webdriver.scenarios.PlayingWithScreenWindowTest -->
