<?xml version="1.0" encoding="UTF-8"?>
<!-- Generated by org.testng.reporters.JUnitReportReporter -->
<testsuite hostname="DESKTOP-B2QSJ40" failures="0" tests="1" name="com.in28minutes.webdriver.scenarios.ActionsBasicTest" time="21.339" errors="0" timestamp="16 Mar 2022 17:52:56 GMT" skipped="0">
  <testcase classname="com.in28minutes.webdriver.scenarios.ActionsBasicTest" name="testBasicDragAndDrop_Complicated" time="21.339"/>
</testsuite> <!-- com.in28minutes.webdriver.scenarios.ActionsBasicTest -->
