<?xml version="1.0" encoding="UTF-8"?>
<!-- Generated by org.testng.reporters.JUnitReportReporter -->
<testsuite hostname="DESKTOP-B2QSJ40" failures="0" tests="1" name="com.in28minutes.webdriver.scenarios.TakesSkreenShotTest" time="1.996" errors="0" timestamp="09 Mar 2022 09:43:28 GMT" skipped="0">
  <testcase classname="com.in28minutes.webdriver.scenarios.TakesSkreenShotTest" name="testWindows" time="1.996"/>
</testsuite> <!-- com.in28minutes.webdriver.scenarios.TakesSkreenShotTest -->
